2024-12-09 09:00:00 INFO  Starting the application
2024-12-09 09:01:23 WARN  Configuration file not found, using default settings
2024-12-09 09:02:45 ERROR Unable to connect to database
2024-12-09 09:03:15 INFO  Attempting to reconnect to database
2024-12-09 09:04:50 ERROR Database connection failed: timeout
2024-12-09 09:05:30 INFO  Retrying database connection
2024-12-09 09:06:45 INFO  Database connection successful
2024-12-09 09:07:59 INFO  Starting data processing task
2024-12-09 09:08:23 WARN  Data processing may take longer than expected
2024-12-09 09:09:01 ERROR Data processing step 1 failed: insufficient resources
2024-12-09 09:10:25 INFO  Allocating additional resources
2024-12-09 09:11:10 INFO  Restarting data processing step 1
2024-12-09 09:12:30 DEBUG Initializing data processing module
2024-12-09 09:13:45 DEBUG Allocated 1GB memory for data processing
2024-12-09 09:14:15 WARN  High memory usage detected
2024-12-09 09:15:23 DEBUG Monitoring memory usage: 75% utilized
2024-12-09 09:16:40 DEBUG Data processing step 1 completed
2024-12-09 09:17:55 DEBUG Initiating data processing step 2
2024-12-09 09:19:10 INFO  Data processing step 2 in progress
2024-12-09 09:20:10 WARN  Network latency detected
2024-12-09 09:21:25 ERROR Data processing step 3 failed: network error
2024-12-09 09:22:45 DEBUG Network interface check initiated
2024-12-09 09:23:30 WARN  Network error resolution in progress
2024-12-09 09:24:55 INFO  Network error resolved
2024-12-09 09:25:55 DEBUG Network latency reduced to 50ms
2024-12-09 09:27:10 INFO  Data processing task halfway done
2024-12-09 09:28:30 WARN  Disk space running low
2024-12-09 09:29:15 DEBUG Initiating disk cleanup
2024-12-09 09:30:45 INFO  Disk space cleanup completed
2024-12-09 09:31:30 INFO  Resuming data processing task
2024-12-09 09:32:00 DEBUG Data processing step 3 initiated
2024-12-09 09:33:10 WARN  CPU temperature high
2024-12-09 09:34:25 INFO  Cooling down CPU
2024-12-09 09:35:45 ERROR CPU temperature too high, shutting down
2024-12-09 09:36:30 INFO  Restarting application after cooldown
2024-12-09 09:37:55 INFO  Application restarted successfully
2024-12-09 09:39:10 DEBUG Application health check: OK
2024-12-09 09:40:25 INFO  Resuming data processing task from last checkpoint
2024-12-09 09:41:10 INFO  Data processing task nearing completion
2024-12-09 09:42:00 ERROR Data corruption detected
2024-12-09 09:43:15 DEBUG Initiating data recovery protocol
2024-12-09 09:44:30 WARN  Data recovery may take some time
2024-12-09 09:45:15 INFO  Data recovery successful
2024-12-09 09:46:25 DEBUG Verifying data integrity
2024-12-09 09:47:00 INFO  Data processing task completed successfully
2024-12-09 09:48:15 INFO  Starting report generation
2024-12-09 09:49:30 ERROR Report generation step 1 failed: file not found
2024-12-09 09:50:15 DEBUG Creating missing file
2024-12-09 09:51:30 INFO  Resuming report generation
2024-12-09 09:52:00 WARN  Report generation delay expected
2024-12-09 09:53:15 INFO  Report generation step 2 completed
2024-12-09 09:54:30 DEBUG Generating summary report
2024-12-09 09:55:00 INFO  Report generation task halfway done
2024-12-09 09:56:10 ERROR Report generation step 3 failed: permission denied
2024-12-09 09:57:25 DEBUG Adjusting file permissions
2024-12-09 09:58:40 INFO  Resuming report generation task
2024-12-09 09:59:55 WARN  Slow file access detected
2024-12-09 10:01:15 INFO  Report generation step 4 completed
2024-12-09 10:02:30 DEBUG Finalizing report
2024-12-09 10:03:45 INFO  Report generation completed successfully
2024-12-09 10:05:00 INFO  Sending report to the administrator
2024-12-09 10:06:15 ERROR Report delivery failed: email server down
2024-12-09 10:07:30 DEBUG Checking email server status
2024-12-09 10:08:45 INFO  Attempting to resend report
2024-12-09 10:10:00 INFO  Report sent successfully

2024-12-10 10:11:15 INFO  Archiving log files
2024-12-10 10:12:30 ERROR Log file archiving failed: disk write error
2024-12-10 10:13:45 DEBUG Initiating disk diagnostics
2024-12-10 10:15:00 INFO  Disk write error resolved
2024-12-10 10:16:15 INFO  Log files archived successfully
2024-12-10 10:17:30 INFO  Shutting down the application
2024-12-10 10:18:45 ERROR Application shutdown failed: unexpected error
2024-12-10 10:20:00 DEBUG Collecting shutdown error details
2024-12-10 10:21:15 INFO  Retrying application shutdown
2024-12-10 10:22:30 INFO  Application shutdown complete
2024-12-10 10:23:45 INFO  Starting maintenance tasks
2024-12-10 10:24:50 DEBUG Checking system integrity
2024-12-10 10:26:10 INFO  System integrity check complete
2024-12-10 10:27:25 WARN  Minor issues found during system check
2024-12-10 10:28:40 INFO  Resolving minor issues
2024-12-10 10:30:00 INFO  Maintenance tasks completed
2024-12-11 09:00:00 INFO  Starting the application
2024-12-11 09:01:15 WARN  Configuration file outdated, updating settings
2024-12-11 09:02:30 ERROR Database connection lost
2024-12-11 09:03:45 INFO  Attempting to reconnect to database
2024-12-11 09:04:50 ERROR Database connection failed: timeout
2024-12-11 09:05:30 INFO  Retrying database connection
2024-12-11 09:06:45 INFO  Database connection successful
2024-12-11 09:07:59 INFO  Starting data processing task
2024-12-11 09:09:01 WARN  Data processing may take longer than expected
2024-12-11 09:10:15 ERROR Data processing step 1 failed: insufficient resources
2024-12-11 09:11:25 INFO  Allocating additional resources
2024-12-11 09:12:30 DEBUG Initializing data processing module
2024-12-11 09:13:45 DEBUG Allocated 1GB memory for data processing
2024-12-11 09:15:00 WARN  High memory usage detected
2024-12-11 09:16:10 DEBUG Monitoring memory usage: 80% utilized
2024-12-11 09:17:25 DEBUG Data processing step 1 completed
2024-12-11 09:18:45 DEBUG Initiating data processing step 2
2024-12-11 09:20:00 INFO  Data processing step 2 in progress
2024-12-11 09:21:10 WARN  Network latency detected
2024-12-11 09:22:30 ERROR Data processing step 3 failed: network error
2024-12-11 09:23:45 DEBUG Network interface check initiated
2024-12-11 09:25:00 WARN  Network error resolution in progress
2024-12-11 09:26:15 INFO  Network error resolved
2024-12-11 09:27:30 DEBUG Network latency reduced to 40ms
2024-12-11 09:28:45 INFO  Data processing task halfway done
2024-12-11 09:30:00 WARN  Disk space running low
2024-12-11 09:31:15 DEBUG Initiating disk cleanup
2024-12-11 09:32:30 INFO  Disk space cleanup completed
2024-12-11 09:33:45 INFO  Resuming data processing task
2024-12-11 09:35:00 DEBUG Data processing step 3 initiated
2024-12-11 09:36:15 WARN  CPU temperature high
2024-12-11 09:37:30 INFO  Cooling down CPU
2024-12-11 09:38:45 ERROR CPU temperature too high, shutting down
2024-12-11 09:40:00 INFO  Restarting application after cooldown
2024-12-11 09:41:15 INFO  Application restarted successfully
2024-12-11 09:42:30 DEBUG Application health check: OK
2024-12-11 09:43:45 INFO  Resuming data processing task from last checkpoint
2024-12-11 09:45:00 INFO  Data processing task nearing completion
2024-12-11 09:46:15 ERROR Data corruption detected
2024-12-11 09:47:30 DEBUG Initiating data recovery protocol
2024-12-11 09:48:45 WARN  Data recovery may take some time
2024-12-11 09:50:00 INFO  Data recovery successful
2024-12-11 09:51:15 DEBUG Verifying data integrity
2024-12-11 09:52:30 INFO  Data processing task completed successfully
2024-12-11 09:53:45 INFO  Starting report generation
2024-12-11 09:55:00 ERROR Report generation step 1 failed: file not found
2024-12-11 09:56:15 DEBUG Creating missing file
2024-12-11 09:57:30 INFO  Resuming report generation
2024-12-11 09:58:45 WARN  Report generation delay expected
2024-12-11 10:00:00 INFO  Report generation step 2 completed
2024-12-11 10:01:15 DEBUG Generating summary report
2024-12-11 10:02:30 INFO  Report generation task halfway done
2024-12-11 10:03:45 ERROR Report generation step 3 failed: permission denied
2024-12-11 10:05:00 DEBUG Adjusting file permissions
2024-12-11 10:06:15 INFO  Resuming report generation task
2024-12-11 10:07:30 WARN  Slow file access detected
2024-12-11 10:08:45 INFO  Report generation step 4 completed
2024-12-11 10:10:00 DEBUG Finalizing report
2024-12-11 10:11:15 INFO  Report generation completed successfully
2024-12-11 10:12:30 INFO  Sending report to the administrator
2024-12-11 10:13:45 ERROR Report delivery failed: email server down
2024-12-11 10:15:00 DEBUG Checking email server status
2024-12-11 10:16:15 INFO  Attempting to resend report
2024-12-11 10:17:30 INFO  Report sent successfully

2024-12-12 10:00:00 INFO  Starting the application
2024-12-12 10:01:15 WARN  Configuration file outdated, updating settings
2024-12-12 10:02:30 ERROR Database connection lost
2024-12-12 10:03:45 INFO  Attempting to reconnect to database
2024-12-12 10:04:50 ERROR Database connection failed: timeout
2024-12-12 10:05:30 INFO  Retrying database connection
2024-12-12 10:06:45 INFO  Database connection successful
2024-12-12 10:07:59 INFO  Starting data processing task
2024-12-12 10:09:01 WARN  Data processing may take longer than expected
2024-12-12 10:10:15 ERROR Data processing step 1 failed: insufficient resources
2024-12-12 10:11:25 INFO  Allocating additional resources
2024-12-12 10:12:30 DEBUG Initializing data processing module
2024-12-12 10:13:45 DEBUG Allocated 1GB memory for data processing
2024-12-12 10:15:00 WARN  High memory usage detected
2024-12-12 10:16:10 DEBUG Monitoring memory usage: 80% utilized
2024-12-12 10:17:25 DEBUG Data processing step 1 completed
2024-12-12 10:18:45 DEBUG Initiating data processing step 2
2024-12-12 10:20:00 INFO  Data processing step 2 in progress
2024-12-12 10:21:10 WARN  Network latency detected
2024-12-12 10:22:30 ERROR Data processing step 3 failed: network error
2024-12-12 10:23:45 DEBUG Network interface check initiated
2024-12-12 10:25:00 WARN  Network error resolution in progress
2024-12-12 10:26:15 INFO  Network error resolved
2024-12-12 10:27:30 DEBUG Network latency reduced to 40ms
2024-12-12 10:28:45 INFO  Data processing task halfway done
2024-12-12 10:30:00 WARN  Disk space running low
2024-12-12 10:31:15 DEBUG Initiating disk cleanup
2024-12-12 10:32:30 INFO  Disk space cleanup completed
2024-12-12 10:33:45 INFO  Resuming data processing task
2024-12-12 10:35:00 DEBUG Data processing step 3 initiated
2024-12-12 10:36:15 WARN  CPU temperature high
2024-12-12 10:37:30 INFO  Cooling down CPU
2024-12-12 10:38:45 ERROR CPU temperature too high, shutting down
2024-12-12 10:40:00 INFO  Restarting application after cooldown
2024-12-12 10:41:15 INFO  Application restarted successfully
2024-12-12 10:42:30 DEBUG Application health check: OK
2024-12-12 10:43:45 INFO  Resuming data processing task from last checkpoint
